[get.fabric.io/index.html]
[pbs.twimg.com/profile_images/524967911010471937/wKnU1vK2.png]
[ajax.googleapis.com/ajax/libs/jquery/2.1.1/jquery.min.js]
[www.google-analytics.com/analytics.js]
[get.fabric.io/assets/application-8e337941561cb1b463dcd94de3cecf3d.js]
[get.fabric.io/assets/logo-d049a39d4c8c9cf17c59180644275eb1.png]
[get.fabric.io/index.html]
[get.fabric.io/ios.html]
[get.fabric.io/assets/application-a698a85eb79862a7d2118f99b67d795d.css]
[get.fabric.io/android.html]
[get.fabric.io/mission-control.html]
[get.fabric.io/games.html]
[get.fabric.io/account.html]
[get.fabric.io/realtime.html]
[get.fabric.io/kits.html]
[get.fabric.io/jobs.html]
[get.fabric.io/assets/fabric/ios-a52c396b5c6a7ebecd1eb0104191312c.png]
[get.fabric.io/ios.html]
[get.fabric.io/android.html]
[get.fabric.io/assets/fabric/ios-android-separator-ee8fb52f2a13ce384a44fb9baf5b4f04.png]
[get.fabric.io/games.html]
[get.fabric.io/assets/fabric/fabric-app-cellphones-ca8f6364af11000a4ae16a07b0b1d7d3.png]
[get.fabric.io/assets/fabric/the-pulse-5ef9c0ea09d7ef31f0009aa3a0a8d4f0.png]
[get.fabric.io/assets/fabric/android-a9bce8dea4ecf3c5acbdcd5bd7223eb7.png]
[get.fabric.io/assets/fabric/games-d79e755f2e9358c36e628a4e7b41b9ad.png]
[get.fabric.io/assets/ios-app-link-big-a3b40d482308ac69ddd9c15e479aa79a.png]
[get.fabric.io/assets/android-app-link-big-f01d3cff5b4c47c0cf6f2d277ccb6ed0.png]
[get.fabric.io/assets/kits/small_1-006de99a6917533a1541193ea4d471c9.png]
[get.fabric.io/assets/kits/small_2-8992b729427eb5d93f0ba8a7c3578e7b.png]
[get.fabric.io/assets/kits/small_3-c921694b1512edb2e14addd659a2cd03.png]
[get.fabric.io/assets/kits/small_4-3bca6cacfbc3c318998b60042cc30ee6.png]
[get.fabric.io/assets/kits/small_6-006c7646731da26a21d49fe8082f11e5.png]
[get.fabric.io/assets/kits/small_5-a96b136ff5fb97bc4dda5f269bb97e07.png]
[get.fabric.io/wow-offset_-20.118.delayed]
[get.fabric.io/assets/kits/small_7-30c8506a107bb4749bfe8204ac5fc4aa.png]
[get.fabric.io/assets/kits/small_13-f7629ca9b3ff09095e05af0ea2c8f454.png]
[get.fabric.io/assets/kits/small_8-0a5834fcd3386b6335e4389e8f3a931b.png]
[get.fabric.io/assets/kits/small_11-22685d2452bd4487c6f72070a37447b9.png]
[get.fabric.io/assets/kits/small_12-c6e3a6c7324379c0f6c62931d51308bc.png]
[get.fabric.io/assets/kits/small_14-ed667ac7d55d90c2f391fdad52d08d59.png]
[get.fabric.io/mission-control.html]
[get.fabric.io/assets/kits/small_15-64585207a9634001500091feb5b13ed3.png]
[get.fabric.io/assets/kits/small_10-c9c8707167c467e7aed9db536b0c6366.png]
[get.fabric.io/realtime.html]
[get.fabric.io/assets/fabric/hello_world_app-a08fc18ca1363639211f3a6956032307.jpg]
[get.fabric.io/assets/fabric/our_servers_blue-dbe128058f6faa4647f5ed22690e3509.png]
[get.fabric.io/account.html]
[get.fabric.io/assets/fabric/one_account_badge_lace-99d9406cab839698a90b02bfa4b4ce7a.png]
[get.fabric.io/assets/fabric/one_account_badge-1f86c1b710124437c6e609bce39cf41e.png]
[get.fabric.io/assets/fabric/fabric-we-support-343ec477e75c2fc582a3307142d9d0d1.png]
[get.fabric.io/assets/fabric/fabric-solves-this-problem-02f8a90831f04b4d60b2a1fc81773c5c.png]
[get.fabric.io/assets/fabric/fabric-build-tools-178bc91ff73d3466d273e860d5086201.png]
[get.fabric.io/assets/fabric/icon_arrow-cb883d6a5a112a9084043498c1feaad7.png]
[get.fabric.io/assets/fabric/circle_signin-cc82926d11075e7655fc329db0d9aa29.png]
[get.fabric.io/assets/fabric/circle_yourapp-d1137b20dcf5a8d00aca19c14c0040ae.png]
[get.fabric.io/kits.html]
[get.fabric.io/assets/fabric/circle_twitter-0cfdc8bf046219e80ff9016eb123e7d0.png]
[get.fabric.io/assets/fabric/blue_arrow-8a35aa9fe580dcb1bd7319e5377fcb2e.png]
[get.fabric.io/jobs.html]
[get.fabric.io/assets/fabric/logo_4-331b4820e4d1a818fff31c7a5b75daba.png]
[get.fabric.io/assets/fabric/logo_7-71a394afd43586b750eafc4ee7f0e305.png]
[get.fabric.io/assets/fabric/logo_2-3a3ac56535e904c872775ea5afdcfd99.png]
[get.fabric.io/assets/fabric/logo_3-e68cffcd27914100c2fd037dbf452008.png]
[get.fabric.io/assets/fabric/your_team-099d3bfd616c52b9bd331f5b533bb26e.png]
[get.fabric.io/assets/fabric/your_team_main-6fcf79e78edb5359f70f885f5e231bfe.png]
[get.fabric.io/assets/fabric/your_team_customer_2-8e34a47b9ba78641cd85918c1c4c1db8.png]
[get.fabric.io/assets/fabric/logo_13-6edc645775b5e12998a64f0a2b6483ed.png]
[get.fabric.io/assets/fabric/logo_17-2f33817d661a8b1c369b91e72a7cbdac.png]
[get.fabric.io/assets/fabric/your_team_internal_1-13237d53b7b716e861c42723e93333c5.png]
[get.fabric.io/assets/fabric/your_team_customer_1-8220234699fb0f415f02b23209858540.png]
[get.fabric.io/assets/fabric/your_team_internal_2-e65c6cbf183640200636211b557a0ada.png]
[get.fabric.io/assets/fabric/your_team_line_1-17d82b9701d5c55aecb364349c4ec746.png]
[get.fabric.io/assets/fabric/your_team_line_2-5b68b6e365f79e50896796d05bca7325.png]
[get.fabric.io/assets/fabric/your_team_line_3-a5882e9e2125e185c7de83296b541e5d.png]
[get.fabric.io/assets/fabric/your_team_line_4-f9e654460d89c61d05717822bb50f1ef.png]
[get.fabric.io/assets/fabric/pc_twitter-7ae71e50467d0ce6211e045a4f6fdd57.png]
[get.fabric.io/assets/fabric/logo_bottom_1-7f2158d3db291a04724a96a466b298f2.png]
[get.fabric.io/assets/fabric/status_light-e37e2fa9241ff39a8d19866a826c8fd8.png]
[get.fabric.io/assets/fabric/logo_bottom_2-7eae5208eccce8401b2af4dc36cf31e2.png]
[get.fabric.io/assets/fabric/logo_bottom_3-de911fdd9b5c8c8d383c4f6262002e5d.png]
[get.fabric.io/assets/fabric/logo_bottom_4-0eb7ce826c92f2939a9f850bdf04711a.png]
[get.fabric.io/assets/fabric/logo_bottom_5-d8b670693f5fdd9c21c0e64fdaaee9fd.png]
[get.fabric.io/assets/fabric/logo_bottom_6-79ccb849fcf0f7ebf863af8d09ef8e9a.png]
[get.fabric.io/assets/fabric/logo_bottom_7-de90a7f0c986e0e5fc58a6daaf07f8fb.png]
[get.fabric.io/assets/fabric/logo_bottom_8-af07c2008b927a57c302099e4ce65a03.png]
[get.fabric.io/assets/fabric/logo_bottom_9-4b1d746c63d06c2708eb18186e129806.png]
[get.fabric.io/assets/fabric/logo_bottom_10-301266e1ada53bfab30a4dc5496e8483.png]
[get.fabric.io/assets/fabric/logo_bottom_11-9efc7f53a08930a8059b928abe63d79f.png]
[get.fabric.io/assets/logo_footer-d2bfcfd2d4e248a23be99d0787745ae1.png]
[get.fabric.io/assets/jquery-ui/ui-bg_flat_75_ffffff_40x100-1b5df0330574987373499a2d9bd7f0f8.png]
[get.fabric.io/assets/jquery-ui/ui-bg_highlight-soft_75_cccccc_1x100-060984ea133feaa06baf81b019805b7b.png]
[get.fabric.io/assets/jquery-ui/ui-bg_glass_75_e6e6e6_1x400-8ce4ab2b68963ebdd6cbc0fd502292dc.png]
[get.fabric.io/assets/jquery-ui/ui-bg_glass_75_dadada_1x400-e733bec3fb13f5658a83f606c28eae1d.png]
[get.fabric.io/assets/jquery-ui/ui-bg_glass_65_ffffff_1x400-0368fb4042b8816adac2585014a6cee2.png]
[get.fabric.io/assets/jquery-ui/ui-bg_glass_55_fbf9ee_1x400-303f3fef409767820b57aefa6d00d2c2.png]
[get.fabric.io/assets/jquery-ui/ui-bg_glass_95_fef1ec_1x400-4f0f3e154a60a66e1dd779becf221ddc.png]
[get.fabric.io/assets/jquery-ui/ui-icons_222222_256x240-2315d194985b88843e5faa2dc1207361.png]
[get.fabric.io/assets/jquery-ui/ui-icons_888888_256x240-a502dd82b378b96e7ceb10a9e005f5df.png]
[get.fabric.io/assets/jquery-ui/ui-icons_454545_256x240-14dbab82534867b102dffa5a1b82410e.png]
[get.fabric.io/assets/jquery-ui/ui-icons_2e83ff_256x240-9fb4b73f98fd94bd6ca0a442dbf367aa.png]
[get.fabric.io/assets/jquery-ui/ui-icons_cd0a0a_256x240-458a988369ee562f81166e011c03f669.png]
[get.fabric.io/assets/jquery-ui/ui-bg_flat_0_aaaaaa_40x100-fddb3671b47fd493c46b2605efa8f1cc.png]
[get.fabric.io/assets/ios/glow_1-7769db76f655f8fd0bafdad80ec20148.png]
[get.fabric.io/assets/ios/hero_image-7a0f0200e4873bfd5c0410a59246cfbb.png]
[get.fabric.io/assets/ios/glow_2-e5eb3f4f98ab78ad0aa4fcc8e594e409.png]
[get.fabric.io/assets/ios/glow_3-d8f39574b1589883ea66e1ddafc10fdf.png]
[get.fabric.io/assets/ios/CandyCrushSaga-9c08f3266a44897df3f6b8c5a38cb157.png]
[get.fabric.io/assets/ios/CBSNews-533971fc5bcc37f8fb1929e509b00294.png]
[get.fabric.io/assets/ios/CloudRaiders-912605028bb5c65d04a6b6ea6eddb8db.png]
[get.fabric.io/assets/ios/CNN-06c77c8c437c20928e2e76f44cbd9b14.png]
[get.fabric.io/assets/ios/glow_4-c1585d05fafb6e40e40234921b0f5d21.png]
[get.fabric.io/assets/ios/over-5dcb50035a8441f29f0631b773d1f1bf.png]
[get.fabric.io/assets/ios/BuzzFeed-0024bb4df28b9064706437502f722b73.png]
[get.fabric.io/assets/ios/EyeEm-5e0ed67cb8de9589111e18d9aefef405.png]
[get.fabric.io/assets/ios/Foursquare-1d5c6ba78e9e509f8e88af37f5020776.png]
[get.fabric.io/assets/ios/IGNEntertainment-600416df4c33dc46cb8b71c78b1257f6.png]
[get.fabric.io/assets/ios/Deezer-01e8e6f50674d923a9206c2f5e0b948e.png]
[get.fabric.io/assets/ios/Evernote-5b1e2a71b94b4273e70a11bcd9b0f877.png]
[get.fabric.io/assets/ios/DisneyStore-52eff528f3208248a740e335c568366a.png]
[get.fabric.io/assets/ios/JawboneDrop-9de27faadae22be0dfb6c2a07a510d6c.png]
[get.fabric.io/assets/ios/JibJabMessages-46cc6eebfee7e9905ec81a1cf3ef32be.png]
[get.fabric.io/assets/ios/Macys-665f104b640c15532681843659bca5bc.png]
[get.fabric.io/assets/ios/NBCBreakingNews-2fd7b15456752c0d40d647242e53f68b.png]
[get.fabric.io/assets/ios/Pandora-53afe4e391ff388c70ab8664d1b077a0.png]
[get.fabric.io/assets/ios/Path-977977873979f29e2de17ebd0d4de93b.png]
[get.fabric.io/assets/ios/Pinterest-63aff6e72ef67bc34d7167cceeb62e61.png]
[get.fabric.io/assets/ios/PlantsvsZombies2-d6a0bcc970c0013c3c62f551f2b7a80f.png]
[get.fabric.io/assets/ios/PlayKids-75ee62d5b82c29c176711709321303ae.png]
[get.fabric.io/assets/ios/Rdio-1fdfcbab4d06a92738031f923d570531.png]
[get.fabric.io/assets/ios/Runkeeper-cc266e68ca7827d76c8f609b53b8c7df.png]
[get.fabric.io/assets/ios/Spotify-7d0c499918cf0a00c1504f784659a6a0.png]
[get.fabric.io/assets/ios/tinder-7d23250de05f80b4c31c45932d0efde1.png]
[get.fabric.io/assets/ios/uber-e34c376d6c2218618a19c3c87575505f.png]
[get.fabric.io/assets/ios/Unity-305edc4dc1f8669ffc13b0f5c02a8421.png]
[get.fabric.io/assets/ios/Viber-2c2f72a0b78f022bab16ee5191b92233.png]
[get.fabric.io/assets/ios/integrated_img-6593be7f6b52a46981270b5667cc8c53.png]
[get.fabric.io/assets/ios/integrated_right_1-5293abd2d7213f271c1e22a3f0792010.png]
[get.fabric.io/assets/ios/Starbucks-fa011207bd30f0c879d0491591a3aa2c.png]
[get.fabric.io/assets/ios/TeamStream-290753bf616403e639c04cd97ea9a4b4.png]
[get.fabric.io/assets/ios/Twizoo-6e8c4636d7056de3a8b88620a292d941.png]
[get.fabric.io/assets/ios/integrated_right_2-eafab874e41884536ea635a94078bdb0.png]
[get.fabric.io/assets/ios/stage2-ad0dd934d24ba9d52539003d1ad7c9f3.jpg]
[get.fabric.io/assets/ios/install-4ee4388a906a09bab80ed92380d3c6b8.png]
[get.fabric.io/assets/ios/install_2-a0cf4343bcf71f06b06f43ce89ac5f38.png]
[get.fabric.io/assets/ios/stage1-1f7197dc48bc878179ec859adf62b77b.jpg]
[get.fabric.io/assets/ios/icon-lightweight-8c6c9b01aa39c3388b89b44b0f1b0617.png]
[get.fabric.io/assets/ios/icon-key-85c9e992bc1b29b80142f3ac95e802da.png]
[get.fabric.io/assets/ios/fabric_icon_arrow-b8a7f8c49afc433db12ea80be83091a7.png]
[get.fabric.io/assets/ios/fabric_icon-2e1f7091fa71a7aa72e7eef35345f80e.png]
[get.fabric.io/assets/ios/fabric_icon_c-d9b20c2ae6f8296abd1de084bdd98c2e.png]
[get.fabric.io/assets/ios/cocoapods-e92b8a314cfbf629726b18ff7edd6de3.png]
[get.fabric.io/assets/ios/dsym_3-1d23238b0d91ca99e8aea6d55472359b.png]
[get.fabric.io/assets/ios/up_to_date-39e97b5655d75a631538e4be1656f90f.png]
[get.fabric.io/assets/ios/normal_installation_1-8bb1c0250c8602085d488b0845b57acc.jpg]
[get.fabric.io/assets/ios/dsym_2-d2d9935879c5c1b09f114663198d6a37.png]
[get.fabric.io/assets/ios/dsym_1-ba4f78f21b1ad34723549b9a4821d03e.png]
[get.fabric.io/assets/ios/dsym-8495e44888e88142375cda8747ed58ac.png]
[get.fabric.io/assets/ios/arrow_1-8b41c13a7d2426015c99aefff84184ec.png]
[get.fabric.io/assets/ios/arrow_2-6648f070bf3aaa30a504316d7d2de650.png]
[get.fabric.io/assets/ios/arrow_3-65cad419d3b41caa815215ace99d7a6b.png]
[get.fabric.io/assets/ios/arrow_4-dc54628795ebe1ecb26b3587b1b5d70c.png]
[get.fabric.io/assets/ios/arrow_5-4d853cec854e2c3ceb16221c4af20e2a.png]
[get.fabric.io/assets/ios/line-ad2d3e4b3cf5ef3781ab2d8994db9543.png]
[get.fabric.io/assets/ios/kft_new-e61236b5fcbc3ec8ccd862ced93a7625.png]
[get.fabric.io/assets/ios/kft-6a13551ff901b0f21c327a4b0bb264a6.png]
[get.fabric.io/assets/ios/normal_deployment-0467d4f458972f997f0a7874119dfbb8.png]
[get.fabric.io/assets/ios/line_straight-1b4cc4d82972a31b78f8a0e6c35afa0d.png]
[get.fabric.io/assets/ios/normal_deployment_mobile-fb771c12a475752c5b3df7a44c534719.png]
[get.fabric.io/assets/ios/fastlane_deployment-6d34638c2d54f39798f1520970f0bfa4.png]
[get.fabric.io/assets/ios/arrow_6-4ec715a8b06c1f9b33dd2f3b55f8a1ca.png]
[get.fabric.io/assets/ios/arrow_8-eae9d4cd6a6c8e444796237940efb990.png]
[get.fabric.io/assets/ios/integrated_tools_lines-dfbe31301ffb011a65c3f001691ad159.png]
[get.fabric.io/assets/ios/amazon-c8ef0bba7007fe0c446d489508332b14.png]
[get.fabric.io/assets/ios/beta-18087d10268fee8233820b3f67079c4d.png]
[get.fabric.io/assets/ios/app_store-883c48c6c53c88da25e1b77766a3e663.png]
[get.fabric.io/assets/ios/stack-741356b8138ea8a4e7a280b5809118a1.png]
[get.fabric.io/assets/ios/git-7c231d67c9f254c7314c5e8eb65ac834.png]
[get.fabric.io/assets/ios/xcode-3d94cfa89c5e77f18d471e54221f37de.png]
[get.fabric.io/assets/ios/integrated_tools_mobile-8149fce5b9766f12739f93b183b68a94.png]
[get.fabric.io/assets/ios/hipchat-89020ba7045057fc13d95a1b532c1edc.png]
[get.fabric.io/assets/ios/coco-41fc24f42a4ae521b50aee45d337d408.png]
[get.fabric.io/assets/ios/integrated_tools_main-6bf34f60bc1865895e3076753e43c3a0.png]
[get.fabric.io/assets/ios/logo2-bbb12da9e9ccbc334bca6ba021fb0891.png]
[get.fabric.io/assets/ios/build_server_support_1-c8a9102d421b0d024ea03ceb261609d0.png]
[get.fabric.io/assets/ios/logo4-8b7110ea49a8ce2826376653e16f7569.png]
[get.fabric.io/assets/ios/build_server_support_2-b6b68eeec9d6f5dee68b569c457c9504.png]
[get.fabric.io/assets/ios/logo1-cbfe0508622e6bcd532205c8931971c8.png]
[get.fabric.io/assets/ios/logo3-b5a7324a9cf86b3cfa64c676d3be9ff9.png]
[get.fabric.io/assets/ios/logo5-71ecf52a4d55aee24fb6c67f1b9c9985.png]
[get.fabric.io/assets/ios/logo6-89ba9014fb42f77ae0f0a2b0b0b2e898.png]
[get.fabric.io/assets/ios/logo7-dbec31ac1e4c97ba088c9ac642669e3b.png]
[get.fabric.io/assets/ios/logo8-1e5d6e7abea7072213baffc1eedce140.png]
[get.fabric.io/assets/ios/logo9-311a30ace7890e7b0991b1acbe6f9abd.png]
[get.fabric.io/assets/ios/logo10-c91a1fac6ab057af74881cc42b6cbdf1.png]
[get.fabric.io/assets/ios/logo11-3b0b62fa702e8484a86fa533345f5a96.png]
[get.fabric.io/assets/ios/logo12-4c33ed450f91563e8ae957c896e53649.png]
[get.fabric.io/assets/ios/logo13-daa9069c1559631fa8731c8151a3361f.png]
[get.fabric.io/assets/ios/logo14-e96e469522c594492441e776a7d69f4d.png]
[get.fabric.io/assets/ios/logo15-0536d582f60b1ed966018b53cff00e0f.png]
[get.fabric.io/assets/ios/logo16-7df64e717078765f5c6a81ee50b165fe.png]
[get.fabric.io/assets/ios/logo17-fba77635d75571e86648dca10e11de13.png]
[get.fabric.io/assets/ios/logo18-279169e3a748334073375f8e79e46111.png]
[get.fabric.io/assets/ios/learn_more_android-f5db113ec8d79235f8c16ee078405098.png]
[get.fabric.io/assets/android/hero_img_on-41e9e13b2ead923f13505b45e310cf3c.png]
[get.fabric.io/assets/dashboard/learn_more_blocks-49c7bdaae7a32ba0926bc9da6f0b85c1.png]
[get.fabric.io/assets/android/android_logo_hero-a9e8fda2fa56e48693ce7b29469e3882.png]
[get.fabric.io/assets/android/hero_img-56aee9f092120fcc8706b3b836d84eb5.png]
[get.fabric.io/assets/android/hero_img_off-41e9e13b2ead923f13505b45e310cf3c.png]
[get.fabric.io/assets/android/ide_android_hover-52d3e7e9804ed1463e140a2f8c93033c.png]
[get.fabric.io/assets/android/ide_android-c3d73e50e417702e1e2b6bfa57e79cbf.png]
[get.fabric.io/assets/android/ide_intellij-14e24bd9d807eb5c2705134a4ecc89fc.png]
[get.fabric.io/assets/android/ide_intellij_hover-0f9b333b4e744666d317f4060b646402.png]
[get.fabric.io/assets/android/fabric-android-studio-rocketship-7a7172425b5c341094e251e111d84429.png]
[get.fabric.io/assets/android/dead_simple_integrate-9f0b0b0d2fd4f747123229492a846079.png]
[get.fabric.io/assets/android/fabric-intellij-plugin-9113ed9d19a54ec17b407e6d32411ba9.png]
[get.fabric.io/assets/android/icon-clock-c97216f0d3f721a5bb9cfb9b3fda8d93.png]
[get.fabric.io/assets/android/fabric-android-code-injection-before-db93a3bef9be400a58992b0195e7be30.png]
[get.fabric.io/assets/android/fabric-android-code-injection-after-83260ff5a6937678056ba23e0e481251.png]
[get.fabric.io/assets/android/icon-ide-4b42554078cf742fd97d8ce071f8306e.png]
[get.fabric.io/assets/android/dead_simple_integrate_2-3006f135cdd769fc3a36959b70a9b0df.png]
[get.fabric.io/assets/android/icon-lightweight-d64a56ddc311350e93e7087d3ebfa906.png]
[get.fabric.io/assets/android/icon-key-c8891fc0fb267427a675693fc1b4d7e7.png]
[get.fabric.io/assets/android/dont_worry-a22642d863a8c227ae127a52dd41e2fb.png]
[get.fabric.io/assets/android/tool_support_1-a34d5324db4c5b9ceb31fe0ab297a03b.png]
[get.fabric.io/assets/android/mapping_file-ff5c2d99de5bfd31f3f4e34dcdcf9483.png]
[get.fabric.io/assets/android/tool_support_2-67b0a11c4799042efa591895989d2632.png]
[get.fabric.io/assets/android/tool_support_3-49705e07a470bc9ed641e9d858d91e81.png]
[get.fabric.io/assets/android/bell-cf94439448238c342eb710d85c9dabf8.png]
[get.fabric.io/assets/ios/icon-modular-cad83e38faf2b3f3c326e7e6bdf8e944.png]
[get.fabric.io/assets/android/normal_deployment-bb8c6354398f9f04aac0fc26902e8a47.png]
[get.fabric.io/assets/ios/icon-coding-7cc1166857bc0d73cbadd14d38fbbde4.png]
[get.fabric.io/assets/android/normal_deployment_mobile-f6bc3e745b389ec5a15e5fced11f177a.png]
[get.fabric.io/assets/android/fastlane_deployment-a5ae44eba426a7aabdbe6d579faa2c54.png]
[get.fabric.io/assets/android/gradle-bda689d4ce90365800d1561172ed1811.png]
[get.fabric.io/assets/android/integrated_tools_mobile-a8347a748c55d714f8987301b13b452d.png]
[get.fabric.io/assets/android/android_studio-b1b4f34dbab3e8f614a047b857890c62.png]
[get.fabric.io/assets/ios/google_play-fa204ac3666a962bad80fbd378c55299.png]
[get.fabric.io/assets/games/hero-img-mobile-0760e778cc35e55d6a73f6804e8b11ff.png]
[get.fabric.io/assets/android/gradle_img-35c09ad9bb9dca7308cbd542e0d634cb.png]
[get.fabric.io/assets/android/learn-more-ios-90e14fc39d3ec0d6ebf446a9195a065c.png]
[get.fabric.io/assets/games/hero-left-1-60ba54ea3964b5fe17da346fc0a259cd.png]
[get.fabric.io/assets/games/hero-right-1-b4af663d34d1ad8c76a423564c194ceb.png]
[get.fabric.io/assets/games/hero-right-2-e751a8e82c83e3d07a3d24be4bcf9cc0.png]
[get.fabric.io/assets/games/hero-left-2-807af101448b8e665df67bd39cbc921a.png]
[get.fabric.io/assets/games/hero-right-3-a69707725a2a48f0bc0a481d424cdf73.png]
[get.fabric.io/assets/games/hero-left-3-dae97378159e16996bd7481fccb0f790.png]
[get.fabric.io/assets/games/hero-right-4-8b9c740fe9cda2089ecfd45890c40cfd.png]
[get.fabric.io/assets/games/hero-left-4-b51d65914c422101059d6b0104c26576.png]
[get.fabric.io/assets/games/hero-img-8650362fad60e89bbd4f2dd99df73a23.png]
[get.fabric.io/assets/games/crash-reporting-b92421031861baaa3359218f8cdea11c.png]
[get.fabric.io/assets/games/mobile-analytics-0669208f7e8633506af33f972d6b0ecd.png]
[get.fabric.io/assets/games/badge-number-1-crash-reporting-36cb49ed715ba7688cde7a28fead8c2e.png]
[get.fabric.io/assets/games/crash-reporting-app-40ea0bb9e1962d50d438ec69c0f47d15.png]
[get.fabric.io/assets/games/growth-77af89cddf43c6efbba6adf6bef61fd8.png]
[get.fabric.io/assets/games/monetization-d31ceda0bdc83d4046b48b2f17eb4ff3.png]
[get.fabric.io/assets/games/logo-dots-3a83b2ead8c3fb01b0066532abdc5016.png]
[get.fabric.io/assets/games/android-mac-97840e7f4686ab76ba9e1aa92cddb6e9.png]
[get.fabric.io/assets/games/unlock-global-apps-f43861988d797205b2693573c5dfe529.png]
[get.fabric.io/assets/games/badge-analytics-6d3a517935c8a150e6f82568127430fe.png]
[get.fabric.io/assets/games/analytics-print-mobile-62ff5247151b3ede1787d54129a3a338.png]
[get.fabric.io/assets/games/unlock-global-growth-afc8009ff7389d8d92f4142680e0bf93.png]
[get.fabric.io/assets/games/logo-threes-930cb682c78ed7049bab64dccd5f4c4a.png]
[get.fabric.io/assets/games/blue-shadow-650cdcfc474c62a5b09c43df178c9e3d.png]
[get.fabric.io/assets/games/mopub-logo-8ff51a2d24245c1883c46a7f3afd8b99.png]
[get.fabric.io/assets/games/hello-world-app-f5eb2d39a31c7b0ed9a4e1d9b164a598.png]
[get.fabric.io/assets/games/app-download-graph-caa3a54a847941a1f0f4af1574e41a79.png]
[get.fabric.io/assets/games/mopub-sparkle-e7d6ec639a533fc93023020db66f0a91.png]
[get.fabric.io/assets/games/spark1-711c773e0bc3392528aadf4b4fc85660.png]
[get.fabric.io/assets/games/spark2-e59d905830fc0f927e5c24d37e53b441.png]
[get.fabric.io/assets/games/spark3-ba5db6a578ddc95e472c780e6431ca21.png]
[get.fabric.io/assets/games/monetize-steps-c6ae418bd501d38ae3b12e9d8095b843.png]
[get.fabric.io/assets/games/monetize-icon-banner-25b56dc847be3a8a51082f7a569a57a2.png]
[get.fabric.io/assets/games/monetize-icon-inter-3c9e15fb371a9479840d1f850ec7e200.png]
[get.fabric.io/assets/games/monetize-icon-video-f00565947d012818662c5ee36325e91d.png]
[get.fabric.io/assets/games/monetize-icon-rewarded-f8a2b98b7c0d91a390e8d35b888692b8.png]
[get.fabric.io/assets/games/logo-feomedia-79e025a121c46269cbf70cae39d2dd5b.png]
[get.fabric.io/assets/games/game-development-ef66a8a04b497ccbc41b210facdccb85.jpg]
[get.fabric.io/assets/games/little-icon-1-595db6f61e50ec739b8ff1061acd0196.png]
[get.fabric.io/assets/games/little-icon-2-16b2aa7a9fa711b013802f40de1ec16e.png]
[get.fabric.io/assets/games/little-icon-3-3faaa5c44e0d04f5a1c81cc946aed5cb.png]
[get.fabric.io/assets/dashboard/dashboard-hero-mobile-e7e0243d8203a03b60e73c44605216c4.png]
[get.fabric.io/assets/dashboard/dashboard-hero-desk-a0712ce52443ddc35c0c31c12420315e.png]
[get.fabric.io/assets/dashboard/hero-logo-311d8c03be442d45f355677aae27985c.png]
[get.fabric.io/assets/dashboard/line-answers-ffcaebb8dedf4b69f1b98ac9c5864412.png]
[get.fabric.io/assets/dashboard/line-crashlytics-4ce4a1907dd7a49fbd14efa6d3fc6c86.png]
[get.fabric.io/assets/dashboard/line-identity-5f9edc8992516604ab3a8fe363f07902.png]
[get.fabric.io/assets/dashboard/answers-block-75194c63958a01414bb46c8d2a54c0f8.png]
[get.fabric.io/assets/dashboard/crashlytics-block-4a3be80fa0b34425f9b6c7ea3018ca42.png]
[get.fabric.io/assets/dashboard/beta-block-59cda062d87cb8ababd0884a109bc2c9.png]
[get.fabric.io/assets/dashboard/the_pulse-c06567884bc8f834a0ee49fe41279531.png]
[get.fabric.io/assets/dashboard/hero-answers-pop-dc621d8b74791880396429651c3afa77.png]
[get.fabric.io/assets/dashboard/hero-crashlytics-pop-3720553f4e9b710efcb424df8502fb46.png]
[get.fabric.io/assets/dashboard/hero-identity-pop-fec67f24adac787bf807551f9a5622ae.png]
[get.fabric.io/assets/dashboard/pulse-phones-cb0f8aaa7686c19f8a53f561bf193d4d.png]
[get.fabric.io/wow-offset_-20.html]
[get.fabric.io/assets/dashboard/metrics-cbaadf69874f1d091e4e87bedd2bd453.jpg]
[get.fabric.io/assets/dashboard/search-e095d003e3ba2cb163f79325ecf91842.jpg]
[get.fabric.io/assets/dashboard/most-powerful-a0d209f0babb5708f37d974efb28917e.png]
[get.fabric.io/assets/dashboard/organize-cd0b09d6f0e22adc3081904c23bad31c.jpg]
[get.fabric.io/assets/dashboard/ios-app-link-d81f225d93523e860ae7fc0bb007c322.png]
[get.fabric.io/assets/dashboard/intelligent-proactive_2-704a9b3b5f20e7d4511075cd2f97ff37.png]
[get.fabric.io/assets/dashboard/notifications_mobile-06dfe0206af52c4cd90b86edb57c15b5.png]
[get.fabric.io/assets/dashboard/android-app-link-0201abcbfa050be20aca5c77ff3cc6e7.png]
[get.fabric.io/assets/dashboard/fabric_app_notifications-abaef393b6e429a6adf7dadace417240.png]
[get.fabric.io/assets/dashboard/mission-control-405402f4f5b6e50610705e7147c8bd16.png]
[get.fabric.io/assets/dashboard/real-time-notification-box-3f6c29167480ddaa364be537ec9fad5b.png]
[get.fabric.io/assets/dashboard/icon-fixed-a4b64ecf23d257b1c475578aadebd4b0.png]
[get.fabric.io/assets/dashboard/icon-graph-0f43c9f460a3bc3b55186dbae40b8064.png]
[get.fabric.io/assets/dashboard/icon-magnify-5c93efffb63524d2d454f8c8173a58f8.png]
[get.fabric.io/assets/dashboard/total-control-740bc16943421507f40e5bb788a2bb76.png]
[get.fabric.io/assets/dashboard/notifications-4f95beca746a11c817d0a811efa88bfb.png]
[get.fabric.io/assets/dashboard/notifications-mobile-app-fabric-ed5a43799345af6006753b81e49e29e5.png]
[get.fabric.io/assets/dashboard/icon-gear-093c5cc7bdf850e17cbd4c02d99d52b5.png]
[get.fabric.io/assets/dashboard/icon-list-acf797349f01c3a791d673d53b2bb525.png]
[get.fabric.io/assets/dashboard/icon-members-b47cd69b5ca44cbcf211163664185a91.png]
[get.fabric.io/assets/dashboard/icon-watch-cf617eed88132a54d6df2a9d992fe722.png]
[get.fabric.io/assets/dashboard/icon-email-457e0c6e6cadd4819c877a18671af099.png]
[get.fabric.io/assets/dashboard/icon-paperclip-e4dc9a59d856dc48b1a3fca151bfefcb.png]
[get.fabric.io/assets/dashboard/a-human-14cb7d43e7baaa0fef5503d621c3b9cb.png]
[get.fabric.io/assets/dashboard/icon-bullseye-ae8c32e6ed9be8880987e382d0df6317.png]
[get.fabric.io/assets/realtime/radar-lines-circles-5d46aa2a0588cbc2524a4d9b9a89d46f.png]
[get.fabric.io/assets/realtime/radar-base-3ca54debca27547b5f81e03792acd37b.png]
[get.fabric.io/assets/realtime/radar-ring-69345ca94079ac5b69be0df7aed45707.png]
[get.fabric.io/assets/realtime/radar-center-needle-57723f096fc575979f53f417d86f7cce.png]
[get.fabric.io/assets/realtime/radar-shadow-547d4855d2c7610131e0f574b6396b37.png]
[get.fabric.io/assets/realtime/radar-mobile-bd7ff65d5d6940e356de17bb2821c18d.png]
[get.fabric.io/assets/realtime/main_image-c55b9083c806bccaca116d755289aadb.png]
[get.fabric.io/assets/dashboard/main_image_web-f38f6f20368807c21f2c2d5c1db2a4a6.png]
[get.fabric.io/assets/dashboard/animation-826496bf8991b6da289d42cbb25ebf8c.gif]
[get.fabric.io/assets/realtime/radar-lines-cross-f78ef758a801d6f9d3dc8825c5788bed.png]
[get.fabric.io/assets/realtime/radar-highlight-0b507b04684efdd32bf8be80230180e7.png]
[get.fabric.io/assets/realtime/main_image_web_phone-dc9975934d85a7f0ae9a2adcd2113b1f.png]
[get.fabric.io/assets/realtime/radar-exclamation-ddab74bba27221864ee05f233c4849f0.png]
[get.fabric.io/assets/realtime/overflow_img_shadow-173490f060d5ef4644ded123a6f6befe.png]
[get.fabric.io/assets/realtime/hello_world_app-7ab43c8dbd7085aa9d3b41f81202ce9b.png]
[get.fabric.io/assets/realtime/ios-app-link-big-a3b40d482308ac69ddd9c15e479aa79a.png]
[get.fabric.io/assets/realtime/android-app-link-big-f01d3cff5b4c47c0cf6f2d277ccb6ed0.png]
[get.fabric.io/assets/realtime/mobile-dashboard-5a3840206a6a2e2617bb2b443fb7afe6.png]
[get.fabric.io/assets/realtime/icon-graph-0f43c9f460a3bc3b55186dbae40b8064.png]
[get.fabric.io/assets/realtime/icon-bell-538f417bd13c554043a0d39d8ac7ceb0.png]
[get.fabric.io/assets/realtime/ios-app-link-d81f225d93523e860ae7fc0bb007c322.png]
[get.fabric.io/assets/realtime/android-app-link-0201abcbfa050be20aca5c77ff3cc6e7.png]
[get.fabric.io/assets/realtime/pc_twitter-bf43d911d9241429c1c3ce43604d6ebd.jpg]
[get.fabric.io/assets/account/badge_mobile-f2941601d865a76bcdf61e810b7ac86b.png]
[get.fabric.io/assets/account/powerful_mobile-fd547be1eaf27ba21a52cbfb37df91d0.png]
[get.fabric.io/assets/account/powerful_1-70888b7033ba6cd4ce94a50519da688a.png]
[get.fabric.io/assets/account/apikeys_mobile-7d430d87500cf1dc11bf4cdcc5f2a354.png]
[get.fabric.io/assets/account/apikeys_1-38e8d2194f861ff8e9ee493f0459ff1a.png]
[get.fabric.io/assets/account/powerful_2-7e279dd3070885d78a1ebd9c6c3aae4c.png]
[get.fabric.io/assets/account/all-your-apps-one-place-5cdedc976f408b72f655af8f8d9a488b.png]
[get.fabric.io/assets/account/powerful_3-b11cda38e720f93f38c02da92348807f.png]
[get.fabric.io/assets/account/icon-gear-093c5cc7bdf850e17cbd4c02d99d52b5.png]
[get.fabric.io/assets/account/apikeys_2-1020ee9aa7052b27b93a64df37cf162c.png]
[get.fabric.io/assets/account/apikeys_3-bb21eea44df496c331d2a80ad92860ec.png]
[get.fabric.io/assets/account/icon-magnify-5c93efffb63524d2d454f8c8173a58f8.png]
[get.fabric.io/assets/account/icon-members-b47cd69b5ca44cbcf211163664185a91.png]
[get.fabric.io/assets/account/total-control-740bc16943421507f40e5bb788a2bb76.png]
[get.fabric.io/assets/account/icon-list-acf797349f01c3a791d673d53b2bb525.png]
[get.fabric.io/assets/account/notifications-4f95beca746a11c817d0a811efa88bfb.png]
[get.fabric.io/assets/account/icon-email-457e0c6e6cadd4819c877a18671af099.png]
[get.fabric.io/assets/account/icon-watch-cf617eed88132a54d6df2a9d992fe722.png]
[get.fabric.io/assets/account/learn_more_kits-968ad3aa68505bad824581280ee1cbe3.png]
[get.fabric.io/assets/kits/hero_mobile-e80e58971273ef222ede740effd4f852.png]
[get.fabric.io/assets/kits/hero_right_2-5ede307ae50e4e22eab075c8777ba980.png]
[get.fabric.io/assets/kits/hero_left_1-98c1c7e2e5634438d9f9ebdb5d2702b2.png]
[get.fabric.io/assets/kits/hero_right_1-b7f8498dc3b9ed92d23760fa3e2cc912.png]
[get.fabric.io/assets/kits/hero_left_2-58970c358bb04bd4bbf4369e2380b1b9.png]
[get.fabric.io/assets/kits/hero_right_4-bdd4831a07f76d723f3f76ac6b04ef33.png]
[get.fabric.io/assets/kits/hero_right_3-aae1b1796ffb7aee3934a65beeaf0d17.png]
[get.fabric.io/assets/kits/hero_left_3-20e03518fd42e9761edaef7023dfdd57.png]
[get.fabric.io/assets/kits/hero_middle-e39657dabfdcf68b380ddb1efae28b23.png]
[get.fabric.io/assets/kits/crashlytics-790bb331432752790313a0029075ecc6.png]
[get.fabric.io/assets/kits/answers-f087df0a12c4f5a225ad95776edcaefa.png]
[get.fabric.io/assets/kits/digits-a1d206f6a90826257dde93a0caacbc56.png]
[get.fabric.io/assets/kits/twitter_kit-8e148cb7e427b9cfee8a5e525809a957.png]
[get.fabric.io/assets/kits/mopub-61da8eb7ee321eedb7bf1eeb8b6a6730.png]
[get.fabric.io/assets/kits/stripe-d3168ce2b6e597de85634466caf22d04.png]
[get.fabric.io/assets/kits/amazon-201bdb295ee2a09582d355302103db95.png]
[get.fabric.io/assets/kits/optimizely-6fff830858cd54fcfb7e6bb4af42ba72.png]
[get.fabric.io/assets/kits/gameanalytics-3ebecd939f0cf7d310faa61a08bd0794.png]
[get.fabric.io/assets/kits/mapbox-5e946e433e2ce40726d454d555ff5a49.png]
[get.fabric.io/assets/kits/appsee-dfecda0b7397503fe1e8cf88a08d2dc9.png]
[get.fabric.io/assets/kits/pubnub-2634c862596ee407ea3b64a4af01a617.png]
[get.fabric.io/assets/kits/dragon-484b7f2aad27597771d3d0a672748823.png]
[get.fabric.io/assets/jobs/box_on-da5cb9b0d516f2825eaff7d875b55a26.png]
[get.fabric.io/assets/jobs/box_off-868c0b0177d9fb24bfdaa913ab111510.png]
[get.fabric.io/assets/kits/branch-85c8d5c94f950e332fcf400a98c65c05.png]
[get.fabric.io/assets/jobs/perk_1-43a584eac4b6476c1b4115b000ffa315.png]
[get.fabric.io/assets/jobs/map2-cb8252d11bad5a8007fa8e369f62fd90.jpg]
[get.fabric.io/assets/jobs/perk_3-94fdf66dece736533184c84266e145e2.png]
[get.fabric.io/assets/jobs/perk_2-0293a26909f993fc56e681089587ce97.png]
[get.fabric.io/assets/jobs/map1-c967d2449a2b30cd1a778a835d234d6b.jpg]
[get.fabric.io/assets/jobs/slide_3-1ef2a7f6731fb3a1d2530f6f230055fd.jpg]
[get.fabric.io/assets/jobs/slide_2-220620a0fd885d2f2469107b3f16d5c9.jpg]
[get.fabric.io/assets/jobs/over-e0d862a10a86292942ea0910101070a0.png]
[get.fabric.io/assets/jobs/slide_7-e56d70c0c1d026b797997d4b62655bf1.jpg]
[get.fabric.io/assets/jobs/slide_1-68891f80a896f163d2f2ff92bc59772a.jpg]
[get.fabric.io/assets/jobs/slide_4-dafbb842148020c75842896190954710.jpg]
[get.fabric.io/assets/jobs/slide_5-0f79e09341ad439a41dd965411d19449.jpg]
[get.fabric.io/assets/jobs/mike-6c7e6b5a20f9ade2a0caeeaa75452706.png]
[get.fabric.io/assets/jobs/andrea-bc818a34342d95e56c338a8e16e5f50a.png]
[get.fabric.io/assets/jobs/jeff-1569fc7116f1035f6b141158c631bf5a.png]
[get.fabric.io/assets/jobs/wayne-ed3aa17fbf2bc2bfa209c5721c2799da.png]
